C51 COMPILER V9.60.0.0   7SEG                                                              11/24/2022 21:46:03 PAGE 1   


C51 COMPILER V9.60.0.0, COMPILATION OF MODULE 7SEG
OBJECT MODULE PLACED IN .\Objects\7seg.obj
COMPILER INVOKED BY: C:\Keil_v5\C51\BIN\C51.EXE 7seg.c OPTIMIZE(8,SPEED) BROWSE DEBUG OBJECTEXTEND PRINT(.\Listings\7seg
                    -.lst) TABS(2) OBJECT(.\Objects\7seg.obj)

line level    source

   1          to interface seven segment display (0-9) – Single module
*** ERROR C129 IN LINE 1 OF 7seg.c: missing ';' before 'interface'
   2          // Code to interface 7 Segment Display 1 module withh 8051 
   3          
   4          #include<reg51.h>
   5          void msdelay(unsigned int time)  // Function for creating delay in milliseconds.
   6          {
   7              unsigned i,j ;
   8              for(i=0;i<time;i++)    
   9              for(j=0;j<1275;j++);
  10          }
  11          
  12          void main()
  13          {
  14              unsigned char to_disp[]={0x3F,0x06,0x5B,0x4F,0x66,        // Array for hex values (0-F) for
  15                     0x6D,0x7D,0x07,0x7F,0x6F}        // common anode 7 segment
  16              int k;
  17              while(1)
  18              {
  19                  for(k=0;k<10;k++);
  20                  {
  21                   P2=to_disp[k]; 
  22                   msdelay(100);
  23                  }
  24              }

C51 COMPILATION COMPLETE.  0 WARNING(S),  1 ERROR(S)
