C51 COMPILER V9.60.0.0   DCMOTOR                                                           01/25/2023 13:18:38 PAGE 1   


C51 COMPILER V9.60.0.0, COMPILATION OF MODULE DCMOTOR
OBJECT MODULE PLACED IN .\Objects\DCmotor.obj
COMPILER INVOKED BY: C:\Keil_v5\C51\BIN\C51.EXE DCmotor.c OPTIMIZE(8,SPEED) BROWSE DEBUG OBJECTEXTEND PRINT(.\Listings\D
                    -Cmotor.lst) TABS(2) OBJECT(.\Objects\DCmotor.obj)

line level    source

   1          #include<reg52.h>
   2          #include<stdio.h>
   3          
   4          void delay(void);
   5          
   6          sbit motor_pin_1 = P2^0;
   7          sbit motor_pin_2 = P2^1;
   8          
   9          void main()
  10          {
  11   1        do
  12   1        {
  13   2          motor_pin_1 = 1;
  14   2          motor_pin_2 = 0; //Rotates Motor Anit Clockwise
  15   2          delay();
  16   2          motor_pin_1 = 1;
  17   2          motor_pin_2 = 1; //Stops Motor
  18   2          delay();
  19   2          motor_pin_1 = 0;
  20   2          motor_pin_2 = 1; //Rotates Motor Clockwise
  21   2          delay();
  22   2          motor_pin_1 = 0;
  23   2          motor_pin_2 = 0; //Stops Motor
  24   2          delay();
  25   2        }while(1);
  26   1      }
  27          
  28          void delay()
  29          {
  30   1        int i,j;
  31   1        for(i=0;i<1000;i++)
  32   1        {
  33   2          for(j=0;j<1000;j++)
  34   2          {
  35   3          }
  36   2        }
  37   1      }


MODULE INFORMATION:   STATIC OVERLAYABLE
   CODE SIZE        =     59    ----
   CONSTANT SIZE    =   ----    ----
   XDATA SIZE       =   ----    ----
   PDATA SIZE       =   ----    ----
   DATA SIZE        =   ----    ----
   IDATA SIZE       =   ----    ----
   BIT SIZE         =   ----    ----
END OF MODULE INFORMATION.


C51 COMPILATION COMPLETE.  0 WARNING(S),  0 ERROR(S)
