C51 COMPILER V9.60.0.0   LCD16                                                             11/24/2022 19:27:31 PAGE 1   


C51 COMPILER V9.60.0.0, COMPILATION OF MODULE LCD16
OBJECT MODULE PLACED IN .\Objects\lcd16.obj
COMPILER INVOKED BY: C:\Keil_v5\C51\BIN\C51.EXE lcd16.c OPTIMIZE(8,SPEED) BROWSE DEBUG OBJECTEXTEND PRINT(.\Listings\lcd
                    -16.lst) TABS(2) OBJECT(.\Objects\lcd16.obj)

line level    source

   1          /* Keypad Interfacing  with Microcontroller                                
   2          Embedded Systems - Ravi kiran Bolla (YouTube Channel) */
   3          
   4          #include <REGX51.H>
   5          #define keypad   P1
   6          #define LCD_dat P2
   7          sbit rs =P3^0;
   8          sbit en =P3^1;
   9          
  10          unsigned int LCD_Cur_pos;
  11          
  12          void dely(unsigned int dly);
  13          void lcd_cmd(unsigned char ch);
  14          void lcd_data(unsigned char ch);
  15          void lcd_str(unsigned char *str);
  16          char get_keypad_key(void);
  17          
  18          void main(void)
  19          {
  20   1        char KeyVal =0;
  21   1        lcd_cmd(0x38);
  22   1        lcd_cmd(0x0C);
  23   1        
  24   1            while(1)
  25   1            {     
  26   2              if(LCD_Cur_pos < 16)
  27   2              lcd_cmd(0x80+LCD_Cur_pos);
  28   2              if(LCD_Cur_pos >= 16)
  29   2              lcd_cmd(0xc0+LCD_Cur_pos-16);
  30   2              if(LCD_Cur_pos >= 32)
  31   2              {
  32   3              lcd_cmd(0x01);
  33   3              LCD_Cur_pos = 0;
  34   3              }
  35   2              
  36   2              KeyVal = get_keypad_key();
  37   2              
  38   2              lcd_data(KeyVal); 
  39   2              dely(20);       
  40   2             }
  41   1      }
  42          
  43          char get_keypad_key(void)
  44          {
  45   1        char key_val =0;
  46   1               keypad = 0xFE; //ROW1 =0     
  47   1                if(keypad == 0xee) // button 1
  48   1                {
  49   2                 key_val = '1';
  50   2                LCD_Cur_pos++;
  51   2                } 
  52   1                if(keypad == 0xde) // button 2
  53   1                {
  54   2                 key_val = '2';
C51 COMPILER V9.60.0.0   LCD16                                                             11/24/2022 19:27:31 PAGE 2   

  55   2                  LCD_Cur_pos++;
  56   2                } 
  57   1                 if(keypad == 0xbe) // button 3
  58   1                {
  59   2                 key_val = '3';
  60   2                  LCD_Cur_pos++;
  61   2                } 
  62   1                
  63   1                keypad = 0xFD; //ROW2 =0
  64   1                if(keypad == 0xED) // button 4
  65   1                {
  66   2                key_val = '4';
  67   2                  LCD_Cur_pos++;
  68   2                } 
  69   1                if(keypad == 0xDD) // button 5
  70   1                {
  71   2                key_val = '5';
  72   2                  LCD_Cur_pos++;
  73   2                } 
  74   1                 if(keypad == 0xBD) // button 6
  75   1                {
  76   2                key_val = '6';
  77   2                  LCD_Cur_pos++;
  78   2                } 
  79   1                
  80   1                keypad = 0xFB; //ROW3 =0
  81   1                if(keypad == 0xEB) // button 7
  82   1                {
  83   2                key_val = '7';
  84   2                  LCD_Cur_pos++;
  85   2                } 
  86   1                if(keypad == 0xDB) // button 8
  87   1                {
  88   2                key_val = '8';
  89   2                  LCD_Cur_pos++;
  90   2                } 
  91   1                 if(keypad == 0xBB) // button 9
  92   1                {
  93   2                key_val = '9';
  94   2                  LCD_Cur_pos++;
  95   2                } 
  96   1                
  97   1                  keypad = 0xF7; //ROW3 =0
  98   1                if(keypad == 0xE7) // button *
  99   1                {
 100   2                key_val = '*';
 101   2                  LCD_Cur_pos++;
 102   2                } 
 103   1                if(keypad == 0xD7) // button 0
 104   1                {
 105   2                key_val = '0';
 106   2                  LCD_Cur_pos++;
 107   2                } 
 108   1                 if(keypad == 0xB7) // button #
 109   1                {
 110   2                key_val = '#';
 111   2                  LCD_Cur_pos++;
 112   2                } 
 113   1        return key_val;
 114   1      }
 115          
 116          
C51 COMPILER V9.60.0.0   LCD16                                                             11/24/2022 19:27:31 PAGE 3   

 117          void lcd_str(unsigned char *str)
 118          {
 119   1        unsigned int loop =0;
 120   1        for(loop =0; str[loop]!= '\0'; loop++)
 121   1        {
 122   2          lcd_data(str[loop]);
 123   2        }
 124   1      }
 125          void lcd_data(unsigned char ch)
 126          {
 127   1        LCD_dat = ch;
 128   1        rs = 1;  // data
 129   1        en = 1;
 130   1        dely(10);
 131   1        en = 0;
 132   1      }
 133          
 134          void lcd_cmd(unsigned char ch)
 135          {
 136   1        LCD_dat = ch;
 137   1        rs = 0;  // cmd
 138   1        en = 1;
 139   1        dely(10);
 140   1        en = 0;
 141   1      }
 142          void dely(unsigned int dly)
 143          {
 144   1        unsigned int loop =0;
 145   1        unsigned int delay_gen =0;
 146   1        for(loop =0; loop < dly; loop++)
 147   1        for(delay_gen =0; delay_gen < 1000; delay_gen++); /* delay */
 148   1      }
 149          
 150          
 151          


MODULE INFORMATION:   STATIC OVERLAYABLE
   CODE SIZE        =    413    ----
   CONSTANT SIZE    =   ----    ----
   XDATA SIZE       =   ----    ----
   PDATA SIZE       =   ----    ----
   DATA SIZE        =      2       6
   IDATA SIZE       =   ----    ----
   BIT SIZE         =   ----    ----
END OF MODULE INFORMATION.


C51 COMPILATION COMPLETE.  0 WARNING(S),  0 ERROR(S)
